
================================================================================
🚀 FULL RC-GNN TRAINING + ANALYSIS PIPELINE
================================================================================

📊 Loading UCI Air Quality dataset...
   Path: data/interim/uci_air
✅ Dataset: 13 features, 6613 train, 1417 val samples

🏗️  Initializing RC-GNN model...
Traceback (most recent call last):
  File "/home/adetayo/Documents/CSCI Forms/Adetayo Research/Robust Causal Graph Neural Networks under Compound Sensor Corruptions/rcgnn/run_full_pipeline.py", line 58, in <module>
    model = RCGNN(d, mc)
            ^^^^^^^^^^^^
  File "/home/adetayo/Documents/CSCI Forms/Adetayo Research/Robust Causal Graph Neural Networks under Compound Sensor Corruptions/rcgnn/src/models/rcgnn.py", line 146, in __init__
    self.tri_encoder = TriLatentEncoder(d, latent_dim, hidden_dim).to(device)
                       ^^^^^^^^^^^^^^^^^^^^^^^^^^^^^^^^^^^^^^^^^^^
  File "/home/adetayo/Documents/CSCI Forms/Adetayo Research/Robust Causal Graph Neural Networks under Compound Sensor Corruptions/rcgnn/src/models/rcgnn.py", line 17, in __init__
    nn.Linear(hidden_dim, latent_dim)
  File "/home/adetayo/anaconda3/lib/python3.12/site-packages/torch/nn/modules/linear.py", line 98, in __init__
    self.weight = Parameter(torch.empty((out_features, in_features), **factory_kwargs))
                            ^^^^^^^^^^^^^^^^^^^^^^^^^^^^^^^^^^^^^^^^^^^^^^^^^^^^^^^^^^
TypeError: empty() received an invalid combination of arguments - got (tuple, dtype=NoneType, device=NoneType), but expected one of:
 * (tuple of ints size, *, tuple of names names, torch.memory_format memory_format, torch.dtype dtype, torch.layout layout, torch.device device, bool pin_memory, bool requires_grad)
 * (tuple of ints size, *, torch.memory_format memory_format, Tensor out, torch.dtype dtype, torch.layout layout, torch.device device, bool pin_memory, bool requires_grad)

