📂 Loading data from: data/interim/uci_air
✅ Data loaded: 6613 train, 1417 val samples
✅ Ground truth adjacency loaded: (13, 13), offdiag_nnz=13
Epoch 000 | loss 0.0841 | recon 0.0705 | acy 0.5492 | SHD 13.0 | λ_sup 0.000 | λ_acy 0.000
  [DEBUG] SHD_naive(offdiag)=13
✅ Saved best adjacency to artifacts/adjacency/A_mean_air_gradual_sup.npy
Epoch 001 | loss 0.0144 | recon 0.0032 | acy 0.3332 | SHD 13.0 | λ_sup 0.000 | λ_acy 0.000
  [DEBUG] SHD_naive(offdiag)=13
Epoch 002 | loss 0.0119 | recon 0.0013 | acy 0.2355 | SHD 13.0 | λ_sup 0.001 | λ_acy 0.001
  [DEBUG] SHD_naive(offdiag)=13
Epoch 003 | loss 0.0113 | recon 0.0009 | acy 0.1662 | SHD 13.0 | λ_sup 0.003 | λ_acy 0.003
  [DEBUG] SHD_naive(offdiag)=13
Epoch 004 | loss 0.0112 | recon 0.0008 | acy 0.1215 | SHD 12.0 | λ_sup 0.005 | λ_acy 0.005
  [DEBUG] SHD_naive(offdiag)=12
✅ Saved best adjacency to artifacts/adjacency/A_mean_air_gradual_sup.npy
Epoch 005 | loss 0.0113 | recon 0.0007 | acy 0.0922 | SHD 0.0 | λ_sup 0.007 | λ_acy 0.007
  [DEBUG] SHD_naive(offdiag)=0
✅ Saved best adjacency to artifacts/adjacency/A_mean_air_gradual_sup.npy
Epoch 006 | loss 0.0114 | recon 0.0006 | acy 0.0720 | SHD 0.0 | λ_sup 0.011 | λ_acy 0.010
  [DEBUG] SHD_naive(offdiag)=0
Epoch 007 | loss 0.0115 | recon 0.0005 | acy 0.0576 | SHD 0.0 | λ_sup 0.014 | λ_acy 0.014
  [DEBUG] SHD_naive(offdiag)=0
Epoch 008 | loss 0.0119 | recon 0.0005 | acy 0.0470 | SHD 0.0 | λ_sup 0.019 | λ_acy 0.017
  [DEBUG] SHD_naive(offdiag)=0
Epoch 009 | loss 0.0121 | recon 0.0004 | acy 0.0392 | SHD 0.0 | λ_sup 0.023 | λ_acy 0.021
  [DEBUG] SHD_naive(offdiag)=0
Epoch 010 | loss 0.0124 | recon 0.0004 | acy 0.0332 | SHD 0.0 | λ_sup 0.029 | λ_acy 0.025
  [DEBUG] SHD_naive(offdiag)=0
Epoch 011 | loss 0.0127 | recon 0.0004 | acy 0.0286 | SHD 0.0 | λ_sup 0.034 | λ_acy 0.029
  [DEBUG] SHD_naive(offdiag)=0
Epoch 012 | loss 0.0131 | recon 0.0004 | acy 0.0250 | SHD 0.0 | λ_sup 0.041 | λ_acy 0.033
  [DEBUG] SHD_naive(offdiag)=0
Epoch 013 | loss 0.0135 | recon 0.0004 | acy 0.0221 | SHD 0.0 | λ_sup 0.047 | λ_acy 0.036
  [DEBUG] SHD_naive(offdiag)=0
Epoch 014 | loss 0.0139 | recon 0.0003 | acy 0.0198 | SHD 0.0 | λ_sup 0.054 | λ_acy 0.040
  [DEBUG] SHD_naive(offdiag)=0
Epoch 015 | loss 0.0143 | recon 0.0003 | acy 0.0179 | SHD 0.0 | λ_sup 0.062 | λ_acy 0.043
  [DEBUG] SHD_naive(offdiag)=0
Epoch 016 | loss 0.0148 | recon 0.0003 | acy 0.0164 | SHD 0.0 | λ_sup 0.070 | λ_acy 0.045
  [DEBUG] SHD_naive(offdiag)=0
Epoch 017 | loss 0.0152 | recon 0.0003 | acy 0.0152 | SHD 0.0 | λ_sup 0.078 | λ_acy 0.047
  [DEBUG] SHD_naive(offdiag)=0
Epoch 018 | loss 0.0157 | recon 0.0003 | acy 0.0142 | SHD 0.0 | λ_sup 0.086 | λ_acy 0.049
  [DEBUG] SHD_naive(offdiag)=0
Epoch 019 | loss 0.0162 | recon 0.0002 | acy 0.0133 | SHD 0.0 | λ_sup 0.095 | λ_acy 0.050
  [DEBUG] SHD_naive(offdiag)=0
Epoch 020 | loss 0.0167 | recon 0.0003 | acy 0.0126 | SHD 0.0 | λ_sup 0.104 | λ_acy 0.050
  [DEBUG] SHD_naive(offdiag)=0
Epoch 021 | loss 0.0172 | recon 0.0002 | acy 0.0121 | SHD 0.0 | λ_sup 0.113 | λ_acy 0.050
  [DEBUG] SHD_naive(offdiag)=0
Epoch 022 | loss 0.0177 | recon 0.0002 | acy 0.0115 | SHD 0.0 | λ_sup 0.122 | λ_acy 0.050
  [DEBUG] SHD_naive(offdiag)=0
Epoch 023 | loss 0.0182 | recon 0.0002 | acy 0.0111 | SHD 0.0 | λ_sup 0.131 | λ_acy 0.050
  [DEBUG] SHD_naive(offdiag)=0
Epoch 024 | loss 0.0189 | recon 0.0003 | acy 0.0106 | SHD 0.0 | λ_sup 0.141 | λ_acy 0.050
  [DEBUG] SHD_naive(offdiag)=0
Epoch 025 | loss 0.0193 | recon 0.0002 | acy 0.0103 | SHD 0.0 | λ_sup 0.150 | λ_acy 0.050
  [DEBUG] SHD_naive(offdiag)=0
Epoch 026 | loss 0.0199 | recon 0.0003 | acy 0.0099 | SHD 0.0 | λ_sup 0.159 | λ_acy 0.050
  [DEBUG] SHD_naive(offdiag)=0
Epoch 027 | loss 0.0204 | recon 0.0002 | acy 0.0096 | SHD 0.0 | λ_sup 0.169 | λ_acy 0.050
  [DEBUG] SHD_naive(offdiag)=0
Epoch 028 | loss 0.0209 | recon 0.0002 | acy 0.0093 | SHD 0.0 | λ_sup 0.178 | λ_acy 0.050
  [DEBUG] SHD_naive(offdiag)=0
Epoch 029 | loss 0.0214 | recon 0.0002 | acy 0.0090 | SHD 0.0 | λ_sup 0.187 | λ_acy 0.050
  [DEBUG] SHD_naive(offdiag)=0
Epoch 030 | loss 0.0219 | recon 0.0002 | acy 0.0088 | SHD 0.0 | λ_sup 0.196 | λ_acy 0.050
  [DEBUG] SHD_naive(offdiag)=0
Epoch 031 | loss 0.0223 | recon 0.0002 | acy 0.0086 | SHD 0.0 | λ_sup 0.205 | λ_acy 0.050
  [DEBUG] SHD_naive(offdiag)=0
Epoch 032 | loss 0.0229 | recon 0.0003 | acy 0.0084 | SHD 0.0 | λ_sup 0.214 | λ_acy 0.050
  [DEBUG] SHD_naive(offdiag)=0
Epoch 033 | loss 0.0233 | recon 0.0002 | acy 0.0082 | SHD 0.0 | λ_sup 0.222 | λ_acy 0.050
  [DEBUG] SHD_naive(offdiag)=0
Epoch 034 | loss 0.0237 | recon 0.0002 | acy 0.0080 | SHD 0.0 | λ_sup 0.230 | λ_acy 0.050
  [DEBUG] SHD_naive(offdiag)=0
Epoch 035 | loss 0.0241 | recon 0.0002 | acy 0.0079 | SHD 0.0 | λ_sup 0.238 | λ_acy 0.050
  [DEBUG] SHD_naive(offdiag)=0
Epoch 036 | loss 0.0245 | recon 0.0002 | acy 0.0077 | SHD 0.0 | λ_sup 0.246 | λ_acy 0.050
  [DEBUG] SHD_naive(offdiag)=0
Epoch 037 | loss 0.0249 | recon 0.0002 | acy 0.0076 | SHD 0.0 | λ_sup 0.253 | λ_acy 0.050
  [DEBUG] SHD_naive(offdiag)=0
Epoch 038 | loss 0.0253 | recon 0.0003 | acy 0.0075 | SHD 0.0 | λ_sup 0.259 | λ_acy 0.050
  [DEBUG] SHD_naive(offdiag)=0
Epoch 039 | loss 0.0256 | recon 0.0002 | acy 0.0074 | SHD 0.0 | λ_sup 0.266 | λ_acy 0.050
  [DEBUG] SHD_naive(offdiag)=0
Epoch 040 | loss 0.0259 | recon 0.0002 | acy 0.0073 | SHD 0.0 | λ_sup 0.271 | λ_acy 0.050
  [DEBUG] SHD_naive(offdiag)=0
Epoch 041 | loss 0.0262 | recon 0.0002 | acy 0.0072 | SHD 0.0 | λ_sup 0.277 | λ_acy 0.050
  [DEBUG] SHD_naive(offdiag)=0
Epoch 042 | loss 0.0265 | recon 0.0002 | acy 0.0072 | SHD 0.0 | λ_sup 0.281 | λ_acy 0.050
  [DEBUG] SHD_naive(offdiag)=0
Epoch 043 | loss 0.0267 | recon 0.0002 | acy 0.0071 | SHD 0.0 | λ_sup 0.286 | λ_acy 0.050
  [DEBUG] SHD_naive(offdiag)=0
Epoch 044 | loss 0.0269 | recon 0.0002 | acy 0.0071 | SHD 0.0 | λ_sup 0.289 | λ_acy 0.050
  [DEBUG] SHD_naive(offdiag)=0
Epoch 045 | loss 0.0271 | recon 0.0002 | acy 0.0070 | SHD 0.0 | λ_sup 0.293 | λ_acy 0.050
  [DEBUG] SHD_naive(offdiag)=0
Epoch 046 | loss 0.0271 | recon 0.0002 | acy 0.0070 | SHD 0.0 | λ_sup 0.295 | λ_acy 0.050
  [DEBUG] SHD_naive(offdiag)=0
Epoch 047 | loss 0.0273 | recon 0.0002 | acy 0.0069 | SHD 0.0 | λ_sup 0.297 | λ_acy 0.050
  [DEBUG] SHD_naive(offdiag)=0
Epoch 048 | loss 0.0273 | recon 0.0001 | acy 0.0069 | SHD 0.0 | λ_sup 0.299 | λ_acy 0.050
  [DEBUG] SHD_naive(offdiag)=0
Epoch 049 | loss 0.0274 | recon 0.0002 | acy 0.0069 | SHD 0.0 | λ_sup 0.300 | λ_acy 0.050
  [DEBUG] SHD_naive(offdiag)=0
Epoch 050 | loss 0.0273 | recon 0.0002 | acy 0.0069 | SHD 0.0 | λ_sup 0.300 | λ_acy 0.050
  [DEBUG] SHD_naive(offdiag)=0
Epoch 051 | loss 0.0273 | recon 0.0002 | acy 0.0069 | SHD 0.0 | λ_sup 0.300 | λ_acy 0.050
  [DEBUG] SHD_naive(offdiag)=0
Epoch 052 | loss 0.0273 | recon 0.0002 | acy 0.0069 | SHD 0.0 | λ_sup 0.300 | λ_acy 0.050
  [DEBUG] SHD_naive(offdiag)=0
Epoch 053 | loss 0.0273 | recon 0.0002 | acy 0.0069 | SHD 0.0 | λ_sup 0.300 | λ_acy 0.050
  [DEBUG] SHD_naive(offdiag)=0
Epoch 054 | loss 0.0273 | recon 0.0002 | acy 0.0069 | SHD 0.0 | λ_sup 0.300 | λ_acy 0.050
  [DEBUG] SHD_naive(offdiag)=0
Epoch 055 | loss 0.0273 | recon 0.0002 | acy 0.0069 | SHD 0.0 | λ_sup 0.300 | λ_acy 0.050
  [DEBUG] SHD_naive(offdiag)=0
Epoch 056 | loss 0.0272 | recon 0.0002 | acy 0.0069 | SHD 0.0 | λ_sup 0.300 | λ_acy 0.050
  [DEBUG] SHD_naive(offdiag)=0
Epoch 057 | loss 0.0272 | recon 0.0002 | acy 0.0069 | SHD 0.0 | λ_sup 0.300 | λ_acy 0.050
  [DEBUG] SHD_naive(offdiag)=0
Epoch 058 | loss 0.0272 | recon 0.0002 | acy 0.0069 | SHD 0.0 | λ_sup 0.300 | λ_acy 0.050
  [DEBUG] SHD_naive(offdiag)=0
Epoch 059 | loss 0.0272 | recon 0.0002 | acy 0.0069 | SHD 0.0 | λ_sup 0.300 | λ_acy 0.050
  [DEBUG] SHD_naive(offdiag)=0
Epoch 060 | loss 0.0272 | recon 0.0002 | acy 0.0069 | SHD 0.0 | λ_sup 0.300 | λ_acy 0.050
  [DEBUG] SHD_naive(offdiag)=0
Epoch 061 | loss 0.0272 | recon 0.0002 | acy 0.0069 | SHD 0.0 | λ_sup 0.300 | λ_acy 0.050
  [DEBUG] SHD_naive(offdiag)=0
Epoch 062 | loss 0.0271 | recon 0.0002 | acy 0.0069 | SHD 0.0 | λ_sup 0.300 | λ_acy 0.050
  [DEBUG] SHD_naive(offdiag)=0
Epoch 063 | loss 0.0272 | recon 0.0002 | acy 0.0069 | SHD 0.0 | λ_sup 0.300 | λ_acy 0.050
  [DEBUG] SHD_naive(offdiag)=0
Epoch 064 | loss 0.0270 | recon 0.0001 | acy 0.0069 | SHD 0.0 | λ_sup 0.300 | λ_acy 0.050
  [DEBUG] SHD_naive(offdiag)=0
Epoch 065 | loss 0.0271 | recon 0.0002 | acy 0.0069 | SHD 0.0 | λ_sup 0.300 | λ_acy 0.050
  [DEBUG] SHD_naive(offdiag)=0
Epoch 066 | loss 0.0271 | recon 0.0002 | acy 0.0069 | SHD 0.0 | λ_sup 0.300 | λ_acy 0.050
  [DEBUG] SHD_naive(offdiag)=0
Epoch 067 | loss 0.0270 | recon 0.0001 | acy 0.0069 | SHD 0.0 | λ_sup 0.300 | λ_acy 0.050
  [DEBUG] SHD_naive(offdiag)=0
Epoch 068 | loss 0.0270 | recon 0.0002 | acy 0.0069 | SHD 0.0 | λ_sup 0.300 | λ_acy 0.050
  [DEBUG] SHD_naive(offdiag)=0
Epoch 069 | loss 0.0271 | recon 0.0002 | acy 0.0069 | SHD 0.0 | λ_sup 0.300 | λ_acy 0.050
  [DEBUG] SHD_naive(offdiag)=0
Epoch 070 | loss 0.0270 | recon 0.0001 | acy 0.0069 | SHD 0.0 | λ_sup 0.300 | λ_acy 0.050
  [DEBUG] SHD_naive(offdiag)=0
Epoch 071 | loss 0.0270 | recon 0.0002 | acy 0.0069 | SHD 0.0 | λ_sup 0.300 | λ_acy 0.050
  [DEBUG] SHD_naive(offdiag)=0
Epoch 072 | loss 0.0270 | recon 0.0002 | acy 0.0069 | SHD 0.0 | λ_sup 0.300 | λ_acy 0.050
  [DEBUG] SHD_naive(offdiag)=0
Epoch 073 | loss 0.0270 | recon 0.0002 | acy 0.0069 | SHD 0.0 | λ_sup 0.300 | λ_acy 0.050
  [DEBUG] SHD_naive(offdiag)=0
Epoch 074 | loss 0.0270 | recon 0.0002 | acy 0.0069 | SHD 0.0 | λ_sup 0.300 | λ_acy 0.050
  [DEBUG] SHD_naive(offdiag)=0
Epoch 075 | loss 0.0270 | recon 0.0002 | acy 0.0069 | SHD 0.0 | λ_sup 0.300 | λ_acy 0.050
  [DEBUG] SHD_naive(offdiag)=0
Epoch 076 | loss 0.0269 | recon 0.0002 | acy 0.0069 | SHD 0.0 | λ_sup 0.300 | λ_acy 0.050
  [DEBUG] SHD_naive(offdiag)=0
Epoch 077 | loss 0.0269 | recon 0.0002 | acy 0.0069 | SHD 0.0 | λ_sup 0.300 | λ_acy 0.050
  [DEBUG] SHD_naive(offdiag)=0
Epoch 078 | loss 0.0269 | recon 0.0001 | acy 0.0069 | SHD 0.0 | λ_sup 0.300 | λ_acy 0.050
  [DEBUG] SHD_naive(offdiag)=0
Epoch 079 | loss 0.0269 | recon 0.0001 | acy 0.0069 | SHD 0.0 | λ_sup 0.300 | λ_acy 0.050
  [DEBUG] SHD_naive(offdiag)=0
Epoch 080 | loss 0.0270 | recon 0.0002 | acy 0.0069 | SHD 0.0 | λ_sup 0.300 | λ_acy 0.050
  [DEBUG] SHD_naive(offdiag)=0
Epoch 081 | loss 0.0269 | recon 0.0001 | acy 0.0069 | SHD 0.0 | λ_sup 0.300 | λ_acy 0.050
  [DEBUG] SHD_naive(offdiag)=0
Epoch 082 | loss 0.0269 | recon 0.0001 | acy 0.0069 | SHD 0.0 | λ_sup 0.300 | λ_acy 0.050
  [DEBUG] SHD_naive(offdiag)=0
Epoch 083 | loss 0.0269 | recon 0.0002 | acy 0.0069 | SHD 0.0 | λ_sup 0.300 | λ_acy 0.050
  [DEBUG] SHD_naive(offdiag)=0
Epoch 084 | loss 0.0269 | recon 0.0001 | acy 0.0069 | SHD 0.0 | λ_sup 0.300 | λ_acy 0.050
  [DEBUG] SHD_naive(offdiag)=0
Epoch 085 | loss 0.0269 | recon 0.0002 | acy 0.0069 | SHD 0.0 | λ_sup 0.300 | λ_acy 0.050
  [DEBUG] SHD_naive(offdiag)=0
Epoch 086 | loss 0.0268 | recon 0.0001 | acy 0.0069 | SHD 0.0 | λ_sup 0.300 | λ_acy 0.050
  [DEBUG] SHD_naive(offdiag)=0
Epoch 087 | loss 0.0269 | recon 0.0002 | acy 0.0069 | SHD 0.0 | λ_sup 0.300 | λ_acy 0.050
  [DEBUG] SHD_naive(offdiag)=0
Epoch 088 | loss 0.0268 | recon 0.0002 | acy 0.0069 | SHD 0.0 | λ_sup 0.300 | λ_acy 0.050
  [DEBUG] SHD_naive(offdiag)=0
Epoch 089 | loss 0.0268 | recon 0.0001 | acy 0.0069 | SHD 0.0 | λ_sup 0.300 | λ_acy 0.050
  [DEBUG] SHD_naive(offdiag)=0
Epoch 090 | loss 0.0268 | recon 0.0001 | acy 0.0069 | SHD 0.0 | λ_sup 0.300 | λ_acy 0.050
  [DEBUG] SHD_naive(offdiag)=0
Epoch 091 | loss 0.0268 | recon 0.0001 | acy 0.0069 | SHD 0.0 | λ_sup 0.300 | λ_acy 0.050
  [DEBUG] SHD_naive(offdiag)=0
Epoch 092 | loss 0.0268 | recon 0.0002 | acy 0.0069 | SHD 0.0 | λ_sup 0.300 | λ_acy 0.050
  [DEBUG] SHD_naive(offdiag)=0
Epoch 093 | loss 0.0268 | recon 0.0001 | acy 0.0069 | SHD 0.0 | λ_sup 0.300 | λ_acy 0.050
  [DEBUG] SHD_naive(offdiag)=0
Epoch 094 | loss 0.0268 | recon 0.0001 | acy 0.0069 | SHD 0.0 | λ_sup 0.300 | λ_acy 0.050
  [DEBUG] SHD_naive(offdiag)=0
Epoch 095 | loss 0.0267 | recon 0.0001 | acy 0.0069 | SHD 0.0 | λ_sup 0.300 | λ_acy 0.050
  [DEBUG] SHD_naive(offdiag)=0
Epoch 096 | loss 0.0268 | recon 0.0002 | acy 0.0069 | SHD 0.0 | λ_sup 0.300 | λ_acy 0.050
  [DEBUG] SHD_naive(offdiag)=0
Epoch 097 | loss 0.0267 | recon 0.0001 | acy 0.0069 | SHD 0.0 | λ_sup 0.300 | λ_acy 0.050
  [DEBUG] SHD_naive(offdiag)=0
Epoch 098 | loss 0.0267 | recon 0.0002 | acy 0.0069 | SHD 0.0 | λ_sup 0.300 | λ_acy 0.050
  [DEBUG] SHD_naive(offdiag)=0
Epoch 099 | loss 0.0267 | recon 0.0002 | acy 0.0069 | SHD 0.0 | λ_sup 0.300 | λ_acy 0.050
  [DEBUG] SHD_naive(offdiag)=0
Best SHD: 0.0
