📂 Loading data from: data/interim/uci_air
✅ Data loaded: 6613 train, 1417 val samples
✅ Ground truth adjacency loaded: (13, 13), offdiag_nnz=13
Epoch 000 | loss 0.0841 | recon 0.0705 | acy 0.5492 | SHD 13.0 | λ_sup 0.000 | λ_acy 0.000
  [DEBUG] SHD_naive(offdiag)=13
✅ Saved best adjacency to artifacts/adjacency/A_mean_air_unsupervised.npy
Epoch 001 | loss 0.0143 | recon 0.0032 | acy 0.3434 | SHD 13.0 | λ_sup 0.000 | λ_acy 0.000
  [DEBUG] SHD_naive(offdiag)=13
Epoch 002 | loss 0.0115 | recon 0.0013 | acy 0.2615 | SHD 13.0 | λ_sup 0.000 | λ_acy 0.001
  [DEBUG] SHD_naive(offdiag)=13
Epoch 003 | loss 0.0106 | recon 0.0009 | acy 0.1970 | SHD 13.0 | λ_sup 0.000 | λ_acy 0.003
  [DEBUG] SHD_naive(offdiag)=13
Epoch 004 | loss 0.0101 | recon 0.0008 | acy 0.1509 | SHD 13.0 | λ_sup 0.000 | λ_acy 0.005
  [DEBUG] SHD_naive(offdiag)=13
Epoch 005 | loss 0.0098 | recon 0.0007 | acy 0.1191 | SHD 13.0 | λ_sup 0.000 | λ_acy 0.007
  [DEBUG] SHD_naive(offdiag)=13
Epoch 006 | loss 0.0095 | recon 0.0006 | acy 0.0968 | SHD 13.0 | λ_sup 0.000 | λ_acy 0.010
  [DEBUG] SHD_naive(offdiag)=13
Epoch 007 | loss 0.0093 | recon 0.0005 | acy 0.0808 | SHD 13.0 | λ_sup 0.000 | λ_acy 0.014
  [DEBUG] SHD_naive(offdiag)=13
Epoch 008 | loss 0.0092 | recon 0.0005 | acy 0.0690 | SHD 13.0 | λ_sup 0.000 | λ_acy 0.017
  [DEBUG] SHD_naive(offdiag)=13
Epoch 009 | loss 0.0090 | recon 0.0004 | acy 0.0601 | SHD 13.0 | λ_sup 0.000 | λ_acy 0.021
  [DEBUG] SHD_naive(offdiag)=13
Epoch 010 | loss 0.0089 | recon 0.0004 | acy 0.0533 | SHD 13.0 | λ_sup 0.000 | λ_acy 0.025
  [DEBUG] SHD_naive(offdiag)=13
Epoch 011 | loss 0.0088 | recon 0.0004 | acy 0.0480 | SHD 13.0 | λ_sup 0.000 | λ_acy 0.029
  [DEBUG] SHD_naive(offdiag)=13
Epoch 012 | loss 0.0087 | recon 0.0004 | acy 0.0438 | SHD 13.0 | λ_sup 0.000 | λ_acy 0.033
  [DEBUG] SHD_naive(offdiag)=13
Epoch 013 | loss 0.0086 | recon 0.0004 | acy 0.0406 | SHD 13.0 | λ_sup 0.000 | λ_acy 0.036
  [DEBUG] SHD_naive(offdiag)=13
Epoch 014 | loss 0.0085 | recon 0.0003 | acy 0.0380 | SHD 13.0 | λ_sup 0.000 | λ_acy 0.040
  [DEBUG] SHD_naive(offdiag)=13
Epoch 015 | loss 0.0083 | recon 0.0003 | acy 0.0360 | SHD 13.0 | λ_sup 0.000 | λ_acy 0.043
  [DEBUG] SHD_naive(offdiag)=13
Epoch 016 | loss 0.0083 | recon 0.0003 | acy 0.0344 | SHD 13.0 | λ_sup 0.000 | λ_acy 0.045
  [DEBUG] SHD_naive(offdiag)=13
Epoch 017 | loss 0.0082 | recon 0.0003 | acy 0.0333 | SHD 13.0 | λ_sup 0.000 | λ_acy 0.047
  [DEBUG] SHD_naive(offdiag)=13
Epoch 018 | loss 0.0082 | recon 0.0003 | acy 0.0325 | SHD 13.0 | λ_sup 0.000 | λ_acy 0.049
  [DEBUG] SHD_naive(offdiag)=13
Epoch 019 | loss 0.0081 | recon 0.0002 | acy 0.0321 | SHD 13.0 | λ_sup 0.000 | λ_acy 0.050
  [DEBUG] SHD_naive(offdiag)=13
Epoch 020 | loss 0.0080 | recon 0.0003 | acy 0.0319 | SHD 13.0 | λ_sup 0.000 | λ_acy 0.050
  [DEBUG] SHD_naive(offdiag)=13
Epoch 021 | loss 0.0080 | recon 0.0002 | acy 0.0319 | SHD 13.0 | λ_sup 0.000 | λ_acy 0.050
  [DEBUG] SHD_naive(offdiag)=13
Epoch 022 | loss 0.0079 | recon 0.0002 | acy 0.0319 | SHD 13.0 | λ_sup 0.000 | λ_acy 0.050
  [DEBUG] SHD_naive(offdiag)=13
Epoch 023 | loss 0.0078 | recon 0.0002 | acy 0.0319 | SHD 13.0 | λ_sup 0.000 | λ_acy 0.050
  [DEBUG] SHD_naive(offdiag)=13
Epoch 024 | loss 0.0079 | recon 0.0003 | acy 0.0319 | SHD 13.0 | λ_sup 0.000 | λ_acy 0.050
  [DEBUG] SHD_naive(offdiag)=13
Epoch 025 | loss 0.0077 | recon 0.0002 | acy 0.0319 | SHD 13.0 | λ_sup 0.000 | λ_acy 0.050
  [DEBUG] SHD_naive(offdiag)=13
Epoch 026 | loss 0.0077 | recon 0.0003 | acy 0.0319 | SHD 13.0 | λ_sup 0.000 | λ_acy 0.050
  [DEBUG] SHD_naive(offdiag)=13
Epoch 027 | loss 0.0076 | recon 0.0002 | acy 0.0319 | SHD 13.0 | λ_sup 0.000 | λ_acy 0.050
  [DEBUG] SHD_naive(offdiag)=13
Epoch 028 | loss 0.0076 | recon 0.0002 | acy 0.0319 | SHD 13.0 | λ_sup 0.000 | λ_acy 0.050
  [DEBUG] SHD_naive(offdiag)=13
Epoch 029 | loss 0.0076 | recon 0.0002 | acy 0.0319 | SHD 13.0 | λ_sup 0.000 | λ_acy 0.050
  [DEBUG] SHD_naive(offdiag)=13
Epoch 030 | loss 0.0075 | recon 0.0002 | acy 0.0319 | SHD 13.0 | λ_sup 0.000 | λ_acy 0.050
  [DEBUG] SHD_naive(offdiag)=13
Epoch 031 | loss 0.0075 | recon 0.0002 | acy 0.0319 | SHD 13.0 | λ_sup 0.000 | λ_acy 0.050
  [DEBUG] SHD_naive(offdiag)=13
Epoch 032 | loss 0.0075 | recon 0.0003 | acy 0.0319 | SHD 13.0 | λ_sup 0.000 | λ_acy 0.050
  [DEBUG] SHD_naive(offdiag)=13
Epoch 033 | loss 0.0074 | recon 0.0002 | acy 0.0319 | SHD 13.0 | λ_sup 0.000 | λ_acy 0.050
  [DEBUG] SHD_naive(offdiag)=13
Epoch 034 | loss 0.0074 | recon 0.0002 | acy 0.0319 | SHD 13.0 | λ_sup 0.000 | λ_acy 0.050
  [DEBUG] SHD_naive(offdiag)=13
Epoch 035 | loss 0.0073 | recon 0.0002 | acy 0.0319 | SHD 13.0 | λ_sup 0.000 | λ_acy 0.050
  [DEBUG] SHD_naive(offdiag)=13
Epoch 036 | loss 0.0073 | recon 0.0002 | acy 0.0319 | SHD 13.0 | λ_sup 0.000 | λ_acy 0.050
  [DEBUG] SHD_naive(offdiag)=13
Epoch 037 | loss 0.0073 | recon 0.0002 | acy 0.0319 | SHD 13.0 | λ_sup 0.000 | λ_acy 0.050
  [DEBUG] SHD_naive(offdiag)=13
Epoch 038 | loss 0.0073 | recon 0.0003 | acy 0.0319 | SHD 13.0 | λ_sup 0.000 | λ_acy 0.050
  [DEBUG] SHD_naive(offdiag)=13
Epoch 039 | loss 0.0072 | recon 0.0002 | acy 0.0319 | SHD 13.0 | λ_sup 0.000 | λ_acy 0.050
  [DEBUG] SHD_naive(offdiag)=13
Epoch 040 | loss 0.0072 | recon 0.0002 | acy 0.0319 | SHD 13.0 | λ_sup 0.000 | λ_acy 0.050
  [DEBUG] SHD_naive(offdiag)=13
Epoch 041 | loss 0.0071 | recon 0.0002 | acy 0.0319 | SHD 13.0 | λ_sup 0.000 | λ_acy 0.050
  [DEBUG] SHD_naive(offdiag)=13
Epoch 042 | loss 0.0072 | recon 0.0002 | acy 0.0319 | SHD 13.0 | λ_sup 0.000 | λ_acy 0.050
  [DEBUG] SHD_naive(offdiag)=13
Epoch 043 | loss 0.0071 | recon 0.0002 | acy 0.0319 | SHD 13.0 | λ_sup 0.000 | λ_acy 0.050
  [DEBUG] SHD_naive(offdiag)=13
Epoch 044 | loss 0.0071 | recon 0.0002 | acy 0.0319 | SHD 13.0 | λ_sup 0.000 | λ_acy 0.050
  [DEBUG] SHD_naive(offdiag)=13
Epoch 045 | loss 0.0071 | recon 0.0002 | acy 0.0319 | SHD 13.0 | λ_sup 0.000 | λ_acy 0.050
  [DEBUG] SHD_naive(offdiag)=13
Epoch 046 | loss 0.0070 | recon 0.0002 | acy 0.0319 | SHD 13.0 | λ_sup 0.000 | λ_acy 0.050
  [DEBUG] SHD_naive(offdiag)=13
Epoch 047 | loss 0.0070 | recon 0.0002 | acy 0.0319 | SHD 13.0 | λ_sup 0.000 | λ_acy 0.050
  [DEBUG] SHD_naive(offdiag)=13
Epoch 048 | loss 0.0070 | recon 0.0001 | acy 0.0319 | SHD 13.0 | λ_sup 0.000 | λ_acy 0.050
  [DEBUG] SHD_naive(offdiag)=13
Epoch 049 | loss 0.0070 | recon 0.0002 | acy 0.0319 | SHD 13.0 | λ_sup 0.000 | λ_acy 0.050
  [DEBUG] SHD_naive(offdiag)=13
Epoch 050 | loss 0.0069 | recon 0.0002 | acy 0.0319 | SHD 13.0 | λ_sup 0.000 | λ_acy 0.050
  [DEBUG] SHD_naive(offdiag)=13
Epoch 051 | loss 0.0070 | recon 0.0002 | acy 0.0319 | SHD 13.0 | λ_sup 0.000 | λ_acy 0.050
  [DEBUG] SHD_naive(offdiag)=13
Epoch 052 | loss 0.0069 | recon 0.0002 | acy 0.0319 | SHD 13.0 | λ_sup 0.000 | λ_acy 0.050
  [DEBUG] SHD_naive(offdiag)=13
Epoch 053 | loss 0.0069 | recon 0.0002 | acy 0.0319 | SHD 13.0 | λ_sup 0.000 | λ_acy 0.050
  [DEBUG] SHD_naive(offdiag)=13
Epoch 054 | loss 0.0069 | recon 0.0002 | acy 0.0319 | SHD 13.0 | λ_sup 0.000 | λ_acy 0.050
  [DEBUG] SHD_naive(offdiag)=13
Epoch 055 | loss 0.0069 | recon 0.0002 | acy 0.0319 | SHD 13.0 | λ_sup 0.000 | λ_acy 0.050
  [DEBUG] SHD_naive(offdiag)=13
Epoch 056 | loss 0.0068 | recon 0.0002 | acy 0.0319 | SHD 13.0 | λ_sup 0.000 | λ_acy 0.050
  [DEBUG] SHD_naive(offdiag)=13
Epoch 057 | loss 0.0068 | recon 0.0002 | acy 0.0319 | SHD 13.0 | λ_sup 0.000 | λ_acy 0.050
  [DEBUG] SHD_naive(offdiag)=13
Epoch 058 | loss 0.0069 | recon 0.0002 | acy 0.0319 | SHD 13.0 | λ_sup 0.000 | λ_acy 0.050
  [DEBUG] SHD_naive(offdiag)=13
Epoch 059 | loss 0.0068 | recon 0.0002 | acy 0.0319 | SHD 13.0 | λ_sup 0.000 | λ_acy 0.050
  [DEBUG] SHD_naive(offdiag)=13
Epoch 060 | loss 0.0068 | recon 0.0002 | acy 0.0319 | SHD 13.0 | λ_sup 0.000 | λ_acy 0.050
  [DEBUG] SHD_naive(offdiag)=13
Epoch 061 | loss 0.0068 | recon 0.0002 | acy 0.0319 | SHD 13.0 | λ_sup 0.000 | λ_acy 0.050
  [DEBUG] SHD_naive(offdiag)=13
Epoch 062 | loss 0.0068 | recon 0.0002 | acy 0.0319 | SHD 13.0 | λ_sup 0.000 | λ_acy 0.050
  [DEBUG] SHD_naive(offdiag)=13
Epoch 063 | loss 0.0068 | recon 0.0002 | acy 0.0319 | SHD 13.0 | λ_sup 0.000 | λ_acy 0.050
  [DEBUG] SHD_naive(offdiag)=13
Epoch 064 | loss 0.0067 | recon 0.0001 | acy 0.0319 | SHD 13.0 | λ_sup 0.000 | λ_acy 0.050
  [DEBUG] SHD_naive(offdiag)=13
Epoch 065 | loss 0.0067 | recon 0.0002 | acy 0.0319 | SHD 13.0 | λ_sup 0.000 | λ_acy 0.050
  [DEBUG] SHD_naive(offdiag)=13
Epoch 066 | loss 0.0067 | recon 0.0002 | acy 0.0319 | SHD 13.0 | λ_sup 0.000 | λ_acy 0.050
  [DEBUG] SHD_naive(offdiag)=13
Epoch 067 | loss 0.0066 | recon 0.0001 | acy 0.0319 | SHD 13.0 | λ_sup 0.000 | λ_acy 0.050
  [DEBUG] SHD_naive(offdiag)=13
Epoch 068 | loss 0.0066 | recon 0.0002 | acy 0.0319 | SHD 13.0 | λ_sup 0.000 | λ_acy 0.050
  [DEBUG] SHD_naive(offdiag)=13
Epoch 069 | loss 0.0067 | recon 0.0002 | acy 0.0319 | SHD 13.0 | λ_sup 0.000 | λ_acy 0.050
  [DEBUG] SHD_naive(offdiag)=13
Epoch 070 | loss 0.0066 | recon 0.0001 | acy 0.0319 | SHD 13.0 | λ_sup 0.000 | λ_acy 0.050
  [DEBUG] SHD_naive(offdiag)=13
Epoch 071 | loss 0.0066 | recon 0.0002 | acy 0.0319 | SHD 13.0 | λ_sup 0.000 | λ_acy 0.050
  [DEBUG] SHD_naive(offdiag)=13
Epoch 072 | loss 0.0066 | recon 0.0002 | acy 0.0319 | SHD 13.0 | λ_sup 0.000 | λ_acy 0.050
  [DEBUG] SHD_naive(offdiag)=13
Epoch 073 | loss 0.0066 | recon 0.0002 | acy 0.0319 | SHD 13.0 | λ_sup 0.000 | λ_acy 0.050
  [DEBUG] SHD_naive(offdiag)=13
Epoch 074 | loss 0.0066 | recon 0.0002 | acy 0.0319 | SHD 13.0 | λ_sup 0.000 | λ_acy 0.050
  [DEBUG] SHD_naive(offdiag)=13
Epoch 075 | loss 0.0066 | recon 0.0002 | acy 0.0319 | SHD 13.0 | λ_sup 0.000 | λ_acy 0.050
  [DEBUG] SHD_naive(offdiag)=13
Epoch 076 | loss 0.0066 | recon 0.0002 | acy 0.0319 | SHD 13.0 | λ_sup 0.000 | λ_acy 0.050
  [DEBUG] SHD_naive(offdiag)=13
Epoch 077 | loss 0.0065 | recon 0.0002 | acy 0.0319 | SHD 13.0 | λ_sup 0.000 | λ_acy 0.050
  [DEBUG] SHD_naive(offdiag)=13
Epoch 078 | loss 0.0065 | recon 0.0001 | acy 0.0319 | SHD 13.0 | λ_sup 0.000 | λ_acy 0.050
  [DEBUG] SHD_naive(offdiag)=13
Epoch 079 | loss 0.0065 | recon 0.0001 | acy 0.0319 | SHD 13.0 | λ_sup 0.000 | λ_acy 0.050
  [DEBUG] SHD_naive(offdiag)=13
Epoch 080 | loss 0.0066 | recon 0.0002 | acy 0.0319 | SHD 13.0 | λ_sup 0.000 | λ_acy 0.050
  [DEBUG] SHD_naive(offdiag)=13
Epoch 081 | loss 0.0065 | recon 0.0001 | acy 0.0319 | SHD 13.0 | λ_sup 0.000 | λ_acy 0.050
  [DEBUG] SHD_naive(offdiag)=13
Epoch 082 | loss 0.0065 | recon 0.0001 | acy 0.0319 | SHD 13.0 | λ_sup 0.000 | λ_acy 0.050
  [DEBUG] SHD_naive(offdiag)=13
Epoch 083 | loss 0.0065 | recon 0.0002 | acy 0.0319 | SHD 13.0 | λ_sup 0.000 | λ_acy 0.050
  [DEBUG] SHD_naive(offdiag)=13
Epoch 084 | loss 0.0065 | recon 0.0001 | acy 0.0319 | SHD 13.0 | λ_sup 0.000 | λ_acy 0.050
  [DEBUG] SHD_naive(offdiag)=13
Epoch 085 | loss 0.0065 | recon 0.0002 | acy 0.0319 | SHD 13.0 | λ_sup 0.000 | λ_acy 0.050
  [DEBUG] SHD_naive(offdiag)=13
Epoch 086 | loss 0.0064 | recon 0.0001 | acy 0.0319 | SHD 13.0 | λ_sup 0.000 | λ_acy 0.050
  [DEBUG] SHD_naive(offdiag)=13
Epoch 087 | loss 0.0065 | recon 0.0002 | acy 0.0319 | SHD 13.0 | λ_sup 0.000 | λ_acy 0.050
  [DEBUG] SHD_naive(offdiag)=13
Epoch 088 | loss 0.0064 | recon 0.0002 | acy 0.0319 | SHD 13.0 | λ_sup 0.000 | λ_acy 0.050
  [DEBUG] SHD_naive(offdiag)=13
Epoch 089 | loss 0.0064 | recon 0.0001 | acy 0.0319 | SHD 13.0 | λ_sup 0.000 | λ_acy 0.050
  [DEBUG] SHD_naive(offdiag)=13
Epoch 090 | loss 0.0064 | recon 0.0001 | acy 0.0319 | SHD 13.0 | λ_sup 0.000 | λ_acy 0.050
  [DEBUG] SHD_naive(offdiag)=13
Epoch 091 | loss 0.0064 | recon 0.0001 | acy 0.0319 | SHD 13.0 | λ_sup 0.000 | λ_acy 0.050
  [DEBUG] SHD_naive(offdiag)=13
Epoch 092 | loss 0.0064 | recon 0.0002 | acy 0.0319 | SHD 13.0 | λ_sup 0.000 | λ_acy 0.050
  [DEBUG] SHD_naive(offdiag)=13
Epoch 093 | loss 0.0064 | recon 0.0001 | acy 0.0319 | SHD 13.0 | λ_sup 0.000 | λ_acy 0.050
  [DEBUG] SHD_naive(offdiag)=13
Epoch 094 | loss 0.0064 | recon 0.0001 | acy 0.0319 | SHD 13.0 | λ_sup 0.000 | λ_acy 0.050
  [DEBUG] SHD_naive(offdiag)=13
Epoch 095 | loss 0.0063 | recon 0.0001 | acy 0.0319 | SHD 13.0 | λ_sup 0.000 | λ_acy 0.050
  [DEBUG] SHD_naive(offdiag)=13
Epoch 096 | loss 0.0064 | recon 0.0002 | acy 0.0319 | SHD 13.0 | λ_sup 0.000 | λ_acy 0.050
  [DEBUG] SHD_naive(offdiag)=13
Epoch 097 | loss 0.0063 | recon 0.0001 | acy 0.0319 | SHD 13.0 | λ_sup 0.000 | λ_acy 0.050
  [DEBUG] SHD_naive(offdiag)=13
Epoch 098 | loss 0.0064 | recon 0.0002 | acy 0.0319 | SHD 13.0 | λ_sup 0.000 | λ_acy 0.050
  [DEBUG] SHD_naive(offdiag)=13
Epoch 099 | loss 0.0064 | recon 0.0002 | acy 0.0319 | SHD 13.0 | λ_sup 0.000 | λ_acy 0.050
  [DEBUG] SHD_naive(offdiag)=13
Best SHD: 13.0
