📂 Loading data from: data/interim/synth_small
✅ Data loaded: 1200 train, 300 val samples
✅ Ground truth adjacency loaded: (10, 10), offdiag_nnz=15
Epoch 000 | loss 0.0491 | recon 0.0396 | acy 0.7126 | SHD 24.0 | λ_sup 0.000 | λ_acy 0.000
  [DEBUG] SHD_naive(offdiag)=24
✅ Saved best adjacency to artifacts/adjacency/A_mean_unsupervised.npy
Epoch 001 | loss 0.0096 | recon 0.0009 | acy 0.6014 | SHD 15.0 | λ_sup 0.000 | λ_acy 0.000
  [DEBUG] SHD_naive(offdiag)=15
✅ Saved best adjacency to artifacts/adjacency/A_mean_unsupervised.npy
Epoch 002 | loss 0.0086 | recon 0.0005 | acy 0.4906 | SHD 15.0 | λ_sup 0.000 | λ_acy 0.001
  [DEBUG] SHD_naive(offdiag)=15
Epoch 003 | loss 0.0080 | recon 0.0004 | acy 0.3827 | SHD 15.0 | λ_sup 0.000 | λ_acy 0.003
  [DEBUG] SHD_naive(offdiag)=15
Epoch 004 | loss 0.0077 | recon 0.0003 | acy 0.2896 | SHD 15.0 | λ_sup 0.000 | λ_acy 0.005
  [DEBUG] SHD_naive(offdiag)=15
Epoch 005 | loss 0.0074 | recon 0.0003 | acy 0.2166 | SHD 15.0 | λ_sup 0.000 | λ_acy 0.007
  [DEBUG] SHD_naive(offdiag)=15
Epoch 006 | loss 0.0071 | recon 0.0002 | acy 0.1625 | SHD 15.0 | λ_sup 0.000 | λ_acy 0.010
  [DEBUG] SHD_naive(offdiag)=15
Epoch 007 | loss 0.0067 | recon 0.0002 | acy 0.1233 | SHD 15.0 | λ_sup 0.000 | λ_acy 0.014
  [DEBUG] SHD_naive(offdiag)=15
Epoch 008 | loss 0.0065 | recon 0.0002 | acy 0.0951 | SHD 15.0 | λ_sup 0.000 | λ_acy 0.017
  [DEBUG] SHD_naive(offdiag)=15
Epoch 009 | loss 0.0062 | recon 0.0002 | acy 0.0749 | SHD 15.0 | λ_sup 0.000 | λ_acy 0.021
  [DEBUG] SHD_naive(offdiag)=15
Epoch 010 | loss 0.0060 | recon 0.0001 | acy 0.0602 | SHD 15.0 | λ_sup 0.000 | λ_acy 0.025
  [DEBUG] SHD_naive(offdiag)=15
Epoch 011 | loss 0.0057 | recon 0.0001 | acy 0.0494 | SHD 15.0 | λ_sup 0.000 | λ_acy 0.029
  [DEBUG] SHD_naive(offdiag)=15
Epoch 012 | loss 0.0056 | recon 0.0001 | acy 0.0415 | SHD 15.0 | λ_sup 0.000 | λ_acy 0.033
  [DEBUG] SHD_naive(offdiag)=15
Epoch 013 | loss 0.0054 | recon 0.0001 | acy 0.0355 | SHD 15.0 | λ_sup 0.000 | λ_acy 0.036
  [DEBUG] SHD_naive(offdiag)=15
Epoch 014 | loss 0.0053 | recon 0.0001 | acy 0.0311 | SHD 15.0 | λ_sup 0.000 | λ_acy 0.040
  [DEBUG] SHD_naive(offdiag)=15
Epoch 015 | loss 0.0051 | recon 0.0001 | acy 0.0277 | SHD 15.0 | λ_sup 0.000 | λ_acy 0.043
  [DEBUG] SHD_naive(offdiag)=15
Epoch 016 | loss 0.0050 | recon 0.0001 | acy 0.0252 | SHD 15.0 | λ_sup 0.000 | λ_acy 0.045
  [DEBUG] SHD_naive(offdiag)=15
Epoch 017 | loss 0.0050 | recon 0.0001 | acy 0.0233 | SHD 15.0 | λ_sup 0.000 | λ_acy 0.047
  [DEBUG] SHD_naive(offdiag)=15
Epoch 018 | loss 0.0049 | recon 0.0001 | acy 0.0219 | SHD 15.0 | λ_sup 0.000 | λ_acy 0.049
  [DEBUG] SHD_naive(offdiag)=15
Epoch 019 | loss 0.0049 | recon 0.0001 | acy 0.0209 | SHD 15.0 | λ_sup 0.000 | λ_acy 0.050
  [DEBUG] SHD_naive(offdiag)=15
Epoch 020 | loss 0.0048 | recon 0.0000 | acy 0.0202 | SHD 15.0 | λ_sup 0.000 | λ_acy 0.050
  [DEBUG] SHD_naive(offdiag)=15
Epoch 021 | loss 0.0048 | recon 0.0000 | acy 0.0199 | SHD 15.0 | λ_sup 0.000 | λ_acy 0.050
  [DEBUG] SHD_naive(offdiag)=15
Epoch 022 | loss 0.0048 | recon 0.0000 | acy 0.0197 | SHD 15.0 | λ_sup 0.000 | λ_acy 0.050
  [DEBUG] SHD_naive(offdiag)=15
Epoch 023 | loss 0.0047 | recon 0.0000 | acy 0.0196 | SHD 15.0 | λ_sup 0.000 | λ_acy 0.050
  [DEBUG] SHD_naive(offdiag)=15
Epoch 024 | loss 0.0046 | recon 0.0000 | acy 0.0195 | SHD 15.0 | λ_sup 0.000 | λ_acy 0.050
  [DEBUG] SHD_naive(offdiag)=15
Epoch 025 | loss 0.0046 | recon 0.0000 | acy 0.0195 | SHD 15.0 | λ_sup 0.000 | λ_acy 0.050
  [DEBUG] SHD_naive(offdiag)=15
Epoch 026 | loss 0.0045 | recon 0.0000 | acy 0.0195 | SHD 15.0 | λ_sup 0.000 | λ_acy 0.050
  [DEBUG] SHD_naive(offdiag)=15
Epoch 027 | loss 0.0045 | recon 0.0000 | acy 0.0195 | SHD 15.0 | λ_sup 0.000 | λ_acy 0.050
  [DEBUG] SHD_naive(offdiag)=15
Epoch 028 | loss 0.0045 | recon 0.0000 | acy 0.0195 | SHD 15.0 | λ_sup 0.000 | λ_acy 0.050
  [DEBUG] SHD_naive(offdiag)=15
Epoch 029 | loss 0.0045 | recon 0.0000 | acy 0.0195 | SHD 15.0 | λ_sup 0.000 | λ_acy 0.050
  [DEBUG] SHD_naive(offdiag)=15
Best SHD: 15.0
